Node: node46-017
Time: Sat May 4 10:44:41 BST 2019
Job ID: 8380770.master.cm.cluster
0% complete
Runtime: 0.0 sec(s)

10% complete
Runtime: 61.76 sec(s)

20% complete
Runtime: 204.02 sec(s)

30% complete
Runtime: 404.5 sec(s)

40% complete
Runtime: 633.33 sec(s)

50% complete
Runtime: 884.64 sec(s)

60% complete
Runtime: 1117.54 sec(s)

70% complete
Runtime: 1325.21 sec(s)

80% complete
Runtime: 1497.22 sec(s)

90% complete
Runtime: 1612.35 sec(s)

~~~~~~~~~~~~~~~~~~~~~~~~~~~~~~~~~~~~~~~~~~~
Diameter: 19
[     1      3      9     27     78    216    583   1546   4035  10320
  25824  62832 146322 321876 635632 988788 958176 450280  66420   1192
      0      0      0      0      0      0      0      0      0      0
      0      0      0      0      0      0      0      0      0      0
      0      0      0      0      0      0      0      0      0      0]
3674160
Number of Configs: 3674160
Remaining no. of Configs: 0
Nodes visited: 3674160
Total explored: 3674160
Number of shortest moves with equivalence relations: 2451563
Timings:
[0.0, 61.76, 204.02, 404.5, 633.33, 884.64, 1117.54, 1325.21, 1497.22, 1612.35, 1664.2606539726257]
Runtime: 1664.26065397
No. of main loop iteration ratio check (number of basic moves): 3
~~~~~~~~~~~~~~~~~~~~~~~~~~~~~~~~~~~~~~~~~~~
|R| = 3545475
COMPLETE!
