Node: node46-017
Time: Tue May 7 21:30:20 BST 2019
Job ID: 8387996.master.cm.cluster
Equivalence not saving
0% complete
Runtime: 0.0 sec(s)

Equivalence not saving
10% complete
Runtime: 58.62 sec(s)

Equivalence not saving
20% complete
Runtime: 195.13 sec(s)

Equivalence not saving
30% complete
Runtime: 388.33 sec(s)

Equivalence not saving
40% complete
Runtime: 609.9 sec(s)

Equivalence not saving
50% complete
Runtime: 851.22 sec(s)

Equivalence not saving
60% complete
Runtime: 1075.84 sec(s)

Equivalence not saving
70% complete
Runtime: 1275.96 sec(s)

Equivalence not saving
80% complete
Runtime: 1443.31 sec(s)

Equivalence not saving
90% complete
Runtime: 1551.41 sec(s)

~~~~~~~~~~~~~~~~~~~~~~~~~~~~~~~~~~~~~~~~~~~
Diameter: 19
[     1      3      9     27     78    216    583   1546   4035  10320
  25824  62832 146322 321876 635632 988788 958176 450280  66420   1192
      0      0      0      0      0      0      0      0      0      0
      0      0      0      0      0      0      0      0      0      0
      0      0      0      0      0      0      0      0      0      0]
3674160
Number of Configs: 3674160
Remaining no. of Configs: 0
Nodes visited: 3674160
Total explored: 3674160
Number of shortest moves with equivalence relations: 0
Timings:
[0.0, 58.62, 195.13, 388.33, 609.9, 851.22, 1075.84, 1275.96, 1443.31, 1551.41, 1596.030667066574]
Runtime: 1596.03066707
No. of main loop iteration ratio check (number of basic moves): 3
~~~~~~~~~~~~~~~~~~~~~~~~~~~~~~~~~~~~~~~~~~~
|R| = 0
COMPLETE!
