Equivalence not saving
0% complete
Runtime: 0.0 sec(s)

~~~~~~~~~~~~~~~~~~~~~~~~~~~~~~~~~~~~~~~~~~~
Diameter: 4
[1 3 6 9 5 0 0 0 0 0 0 0 0 0 0 0 0 0 0 0 0 0 0 0 0 0 0 0 0 0 0 0 0 0 0 0 0
 0 0 0 0 0 0 0 0 0 0 0 0 0 0 0]
24
Number of Configs: 24
Remaining no. of Configs: 3674136
Nodes visited: 24
Total explored: 24
Number of non-unique equivalence relations: 0
Timings:
[0.0, 0.0014691352844238281]
Runtime: 0.00146913528442
No. of main loop iteration ratio check (number of basic moves): 3
~~~~~~~~~~~~~~~~~~~~~~~~~~~~~~~~~~~~~~~~~~~
~~~~~~~~~~~~~~~~~~~~~~~~~~~~~~~~~~~~~~~~~~~
Diameter: 11
[  24   24   48  144  216  600  528  624  816 1152  624  240    0    0    0
    0    0    0    0    0    0    0    0    0    0    0    0    0    0    0
    0    0    0    0    0    0    0    0    0    0    0    0    0    0    0
    0    0    0    0    0    0    0]
5040
Number of Configs: 5064
Remaining no. of Configs: 3669096
Nodes visited: 5040
Total explored: 5040
Number of non-unique equivalence relations: 0
Timings:
[0.0, 0.0014691352844238281, 0.26904916763305664]
Runtime: 0.269049167633
No. of main loop iteration ratio check (number of basic moves): 4
~~~~~~~~~~~~~~~~~~~~~~~~~~~~~~~~~~~~~~~~~~~
Equivalence not saving
10% complete
Runtime: 128.36 sec(s)

Equivalence not saving
20% complete
Runtime: 1074.34 sec(s)


Equivalence not saving
30% complete
Runtime: 2756.78 sec(s)

Equivalence not saving
40% complete
Runtime: 4437.31 sec(s)

Equivalence not saving
50% complete
Runtime: 6099.96 sec(s)

Equivalence not saving
60% complete
Runtime: 7598.42 sec(s)

Equivalence not saving
70% complete
Runtime: 8800.52 sec(s)

Equivalence not saving
80% complete
Runtime: 9425.3 sec(s)

Equivalence not saving
90% complete
Runtime: 9584.14 sec(s)

Equivalence not saving
100% complete
Runtime: 9655.34 sec(s)

~~~~~~~~~~~~~~~~~~~~~~~~~~~~~~~~~~~~~~~~~~~
Diameter: 9
[   5040    5040   20160   75600  277200  685440 1370880 1018080  206640
   10080       0       0       0       0       0       0       0       0
       0       0       0       0       0       0       0       0       0
       0       0       0       0       0       0       0       0       0
       0       0       0       0       0       0       0       0       0
       0       0       0       0       0       0       0]
3674160
Number of Configs: 3679224
Remaining no. of Configs: -5064
Nodes visited: 3674160
Total explored: 3674160
Number of non-unique equivalence relations: 0
Timings:
[0.0, 0.0014691352844238281, 0.26904916763305664, 128.36000000000001, 1074.3399999999999, 2756.7800000000002, 4437.3100000000004, 6099.96, 7598.4200000000001, 8800.5200000000004, 9425.2999999999993, 9584.1399999999994, 9655.3400000000001, 9655.6970601081848]
Runtime: 9655.69706011
No. of main loop iteration ratio check (number of basic moves): 6
~~~~~~~~~~~~~~~~~~~~~~~~~~~~~~~~~~~~~~~~~~~
