Node: node31-034
Time: Fri May 3 22:33:52 BST 2019
Job ID: 8380722.master.cm.cluster
0% complete
Runtime: 0.0 sec(s)

10% complete
Runtime: 152.93 sec(s)

20% complete
Runtime: 471.72 sec(s)

30% complete
Runtime: 871.1 sec(s)

40% complete
Runtime: 1293.22 sec(s)

50% complete
Runtime: 1693.6 sec(s)

60% complete
Runtime: 2044.42 sec(s)

70% complete
Runtime: 2336.42 sec(s)

80% complete
Runtime: 2555.68 sec(s)

90% complete
Runtime: 2702.36 sec(s)

~~~~~~~~~~~~~~~~~~~~~~~~~~~~~~~~~~~~~~~~~~~
Diameter: 11
[      1       9      54     321    1847    9992   50136  227536  870072
 1887748  623800    2644       0       0       0       0       0       0
       0       0       0       0       0       0       0       0       0
       0       0       0       0       0       0       0       0       0
       0       0       0       0       0       0       0       0       0
       0       0       0       0       0]
3674160
Number of Configs: 3674160
Remaining no. of Configs: 0
Nodes visited: 3674160
Total explored: 3674160
Number of shortest moves with equivalence relations: 3432555
Timings:
[0.0, 152.93, 471.72, 871.1, 1293.22, 1693.6, 2044.42, 2336.42, 2555.68, 2702.36, 2774.9311599731445]
Runtime: 2774.93115997
No. of main loop iteration ratio check (number of basic moves): 9
~~~~~~~~~~~~~~~~~~~~~~~~~~~~~~~~~~~~~~~~~~~
|R| = 16225665
COMPLETE!
