Node: node31-034
Time: Mon Apr 15 18:07:20 BST 2019
Job ID: 8333741.master.cm.cluster
0% complete
Runtime: 0.0 sec(s)
10% complete
Runtime: 106.24 sec(s)
20% complete
Runtime: 240.89 sec(s)
30% complete
Runtime: 324.74 sec(s)
Diameter: 11
[     1      9     54    322   1822   9853  50770 212082 524353 396236
  29214      4      0      0      0      0      0      0      0      0]
1224720
Number of Configs: 1224720
Remaining no. of Configs: 2449440
Nodes visited: 1224720
Total explored: 1224720
Timings:
[0.0, 106.24, 240.89, 324.74, 336.91379404067993]
Runtime: 336.913794041
